<?xml version="1.0" encoding="UTF-8"?>
<testng-results skipped="0" failed="1" ignored="0" total="2" passed="1">
  <reporter-output>
    <line>
      <![CDATA[Click to see screenshot]]>
    </line>
    <line>
      <![CDATA[Tapped email textfield!!]]>
    </line>
    <line>
      <![CDATA[<a target="_blank" href=Mon_Aug_14_09_41_38_ADT_2017.jpeg>Screenshot</a>]]>
    </line>
    <line>
      <![CDATA[<br>]]>
    </line>
    <line>
      <![CDATA[<a target="_blank" href=Mon_Aug_14_09_41_38_ADT_2017.jpeg><img src=Mon_Aug_14_09_41_38_ADT_2017.jpeg height=200 width=200></img></a>]]>
    </line>
  </reporter-output>
  <suite name="DataDriver" duration-ms="992" started-at="2017-08-14T12:41:38Z" finished-at="2017-08-14T12:41:39Z">
    <groups>
    </groups>
    <test name="checkEmailfield" duration-ms="495" started-at="2017-08-14T12:41:38Z" finished-at="2017-08-14T12:41:39Z">
      <class name="com.Aspen.testcases.TestEmailField">
        <test-method status="FAIL" signature="checkEmailfield()[pri:0, instance:com.Aspen.testcases.TestEmailField@60bd273d]" name="checkEmailfield" duration-ms="35" started-at="2017-08-14T09:41:38Z" finished-at="2017-08-14T09:41:38Z">
          <exception class="java.lang.AssertionError">
            <message>
              <![CDATA[expected [xyz] but found [abc]]]>
            </message>
            <full-stacktrace>
              <![CDATA[java.lang.AssertionError: expected [xyz] but found [abc]
	at org.testng.Assert.fail(Assert.java:93)
	at org.testng.Assert.failNotEquals(Assert.java:512)
	at org.testng.Assert.assertEqualsImpl(Assert.java:134)
	at org.testng.Assert.assertEquals(Assert.java:115)
	at org.testng.Assert.assertEquals(Assert.java:189)
	at org.testng.Assert.assertEquals(Assert.java:199)
	at com.Aspen.testcases.TestEmailField.checkEmailfield(TestEmailField.java:14)
	at sun.reflect.NativeMethodAccessorImpl.invoke0(Native Method)
	at sun.reflect.NativeMethodAccessorImpl.invoke(NativeMethodAccessorImpl.java:62)
	at sun.reflect.DelegatingMethodAccessorImpl.invoke(DelegatingMethodAccessorImpl.java:43)
	at java.lang.reflect.Method.invoke(Method.java:498)
	at org.testng.internal.MethodInvocationHelper.invokeMethod(MethodInvocationHelper.java:108)
	at org.testng.internal.Invoker.invokeMethod(Invoker.java:661)
	at org.testng.internal.Invoker.invokeTestMethod(Invoker.java:869)
	at org.testng.internal.Invoker.invokeTestMethods(Invoker.java:1193)
	at org.testng.internal.TestMethodWorker.invokeTestMethods(TestMethodWorker.java:126)
	at org.testng.internal.TestMethodWorker.run(TestMethodWorker.java:109)
	at org.testng.TestRunner.privateRun(TestRunner.java:744)
	at org.testng.TestRunner.run(TestRunner.java:602)
	at org.testng.SuiteRunner.runTest(SuiteRunner.java:380)
	at org.testng.SuiteRunner.runSequentially(SuiteRunner.java:375)
	at org.testng.SuiteRunner.privateRun(SuiteRunner.java:340)
	at org.testng.SuiteRunner.run(SuiteRunner.java:289)
	at org.testng.SuiteRunnerWorker.runSuite(SuiteRunnerWorker.java:52)
	at org.testng.SuiteRunnerWorker.run(SuiteRunnerWorker.java:86)
	at org.testng.TestNG.runSuitesSequentially(TestNG.java:1301)
	at org.testng.TestNG.runSuitesLocally(TestNG.java:1226)
	at org.testng.TestNG.runSuites(TestNG.java:1144)
	at org.testng.TestNG.run(TestNG.java:1115)
	at org.testng.remote.AbstractRemoteTestNG.run(AbstractRemoteTestNG.java:132)
	at org.testng.remote.RemoteTestNG.initAndRun(RemoteTestNG.java:230)
	at org.testng.remote.RemoteTestNG.main(RemoteTestNG.java:76)
]]>
            </full-stacktrace>
          </exception> <!-- java.lang.AssertionError -->
          <reporter-output>
            <line>
              <![CDATA[Click to see screenshot]]>
            </line>
            <line>
              <![CDATA[Tapped email textfield!!]]>
            </line>
            <line>
              <![CDATA[<a target="_blank" href=Mon_Aug_14_09_41_38_ADT_2017.jpeg>Screenshot</a>]]>
            </line>
            <line>
              <![CDATA[<br>]]>
            </line>
            <line>
              <![CDATA[<a target="_blank" href=Mon_Aug_14_09_41_38_ADT_2017.jpeg><img src=Mon_Aug_14_09_41_38_ADT_2017.jpeg height=200 width=200></img></a>]]>
            </line>
          </reporter-output>
        </test-method> <!-- checkEmailfield -->
      </class> <!-- com.Aspen.testcases.TestEmailField -->
    </test> <!-- checkEmailfield -->
    <test name="loginTest" duration-ms="483" started-at="2017-08-14T12:41:39Z" finished-at="2017-08-14T12:41:39Z">
      <class name="com.Aspen.testcases.LoginTest">
        <test-method status="PASS" signature="setUp()[pri:0, instance:com.Aspen.testcases.LoginTest@45099dd3]" name="setUp" is-config="true" duration-ms="5547" started-at="2017-08-14T09:41:33Z" finished-at="2017-08-14T09:41:38Z">
          <reporter-output>
          </reporter-output>
        </test-method> <!-- setUp -->
        <test-method status="PASS" signature="loginTest(java.lang.String, java.lang.String)[pri:0, instance:com.Aspen.testcases.LoginTest@45099dd3]" name="loginTest" duration-ms="405" started-at="2017-08-14T09:41:39Z" data-provider="dp" finished-at="2017-08-14T09:41:39Z">
          <params>
            <param index="0">
              <value>
                <![CDATA[cash@aspen.edu]]>
              </value>
            </param>
            <param index="1">
              <value>
                <![CDATA[1.0]]>
              </value>
            </param>
          </params>
          <reporter-output>
          </reporter-output>
        </test-method> <!-- loginTest -->
      </class> <!-- com.Aspen.testcases.LoginTest -->
    </test> <!-- loginTest -->
  </suite> <!-- DataDriver -->
</testng-results>
